<?xml version="1.0" ?>
<!DOCTYPE coverage SYSTEM "http://cobertura.sourceforge.net/xml/coverage-04.dtd">
<coverage lines-valid="443"  lines-covered="413"  line-rate="0.9323"  branches-valid="260"  branches-covered="220"  branch-rate="0.8462000000000001"  timestamp="1467711793508" complexity="0" version="0.1">
<sources>
	<source>/Users/k.lebedev/Dropbox/git/Pilot</source>
</sources>
<packages>
	<package name="src"  line-rate="0.9323"  branch-rate="0.8462000000000001" >
	<classes>
		<class name="loader.js"  filename="src/loader.js"  line-rate="1"  branch-rate="1" >
		<methods>
			<method name="(anonymous_1)"  hits="1"  signature="()V" >
				<lines><line number="1"  hits="1" /></lines>
			</method>
			<method name="(anonymous_2)"  hits="16"  signature="()V" >
				<lines><line number="5"  hits="16" /></lines>
			</method>
			<method name="(anonymous_3)"  hits="13"  signature="()V" >
				<lines><line number="24"  hits="13" /></lines>
			</method>
			<method name="(anonymous_4)"  hits="16"  signature="()V" >
				<lines><line number="29"  hits="16" /></lines>
			</method>
			<method name="(anonymous_5)"  hits="13"  signature="()V" >
				<lines><line number="39"  hits="13" /></lines>
			</method>
			<method name="(anonymous_6)"  hits="12"  signature="()V" >
				<lines><line number="42"  hits="12" /></lines>
			</method>
			<method name="(anonymous_7)"  hits="12"  signature="()V" >
				<lines><line number="50"  hits="12" /></lines>
			</method>
			<method name="(anonymous_8)"  hits="22"  signature="()V" >
				<lines><line number="57"  hits="22" /></lines>
			</method>
			<method name="(anonymous_9)"  hits="20"  signature="()V" >
				<lines><line number="62"  hits="20" /></lines>
			</method>
			<method name="(anonymous_10)"  hits="11"  signature="()V" >
				<lines><line number="81"  hits="11" /></lines>
			</method>
			<method name="(anonymous_11)"  hits="19"  signature="()V" >
				<lines><line number="82"  hits="19" /></lines>
			</method>
			<method name="(anonymous_12)"  hits="8"  signature="()V" >
				<lines><line number="91"  hits="8" /></lines>
			</method>
			<method name="(anonymous_13)"  hits="4"  signature="()V" >
				<lines><line number="94"  hits="4" /></lines>
			</method>
			<method name="(anonymous_14)"  hits="23"  signature="()V" >
				<lines><line number="107"  hits="23" /></lines>
			</method>
			<method name="(anonymous_15)"  hits="10"  signature="()V" >
				<lines><line number="110"  hits="10" /></lines>
			</method>
		</methods>
		<lines>
			<line number="1"  hits="1"  branch="false" />
			<line number="5"  hits="1"  branch="false" />
			<line number="6"  hits="16"  branch="true"  condition-coverage="100% (2/2)" />
			<line number="7"  hits="10"  branch="false" />
			<line number="10"  hits="16"  branch="false" />
			<line number="11"  hits="16"  branch="false" />
			<line number="13"  hits="16"  branch="false" />
			<line number="24"  hits="1"  branch="false" />
			<line number="25"  hits="13"  branch="true"  condition-coverage="100% (2/2)" />
			<line number="26"  hits="13"  branch="false" />
			<line number="28"  hits="13"  branch="false" />
			<line number="29"  hits="13"  branch="false" />
			<line number="30"  hits="16"  branch="false" />
			<line number="35"  hits="1"  branch="false" />
			<line number="40"  hits="13"  branch="false" />
			<line number="42"  hits="13"  branch="false" />
			<line number="43"  hits="12"  branch="false" />
			<line number="46"  hits="13"  branch="false" />
			<line number="51"  hits="12"  branch="false" />
			<line number="58"  hits="22"  branch="false" />
			<line number="61"  hits="22"  branch="true"  condition-coverage="100% (2/2)" />
			<line number="62"  hits="20"  branch="false" />
			<line number="63"  hits="20"  branch="true"  condition-coverage="100% (4/4)" />
			<line number="64"  hits="15"  branch="false" />
			<line number="67"  hits="5"  branch="false" />
			<line number="71"  hits="20"  branch="false" />
			<line number="72"  hits="20"  branch="false" />
			<line number="75"  hits="22"  branch="false" />
			<line number="79"  hits="12"  branch="false" />
			<line number="81"  hits="12"  branch="false" />
			<line number="82"  hits="11"  branch="false" />
			<line number="83"  hits="19"  branch="false" />
			<line number="86"  hits="11"  branch="false" />
			<line number="92"  hits="8"  branch="true"  condition-coverage="100% (2/2)" />
			<line number="94"  hits="8"  branch="false" />
			<line number="95"  hits="4"  branch="true"  condition-coverage="100% (2/2)" />
			<line number="98"  hits="8"  branch="false" />
			<line number="108"  hits="23"  branch="false" />
			<line number="110"  hits="23"  branch="false" />
			<line number="111"  hits="10"  branch="false" />
			<line number="114"  hits="23"  branch="false" />
			<line number="120"  hits="1"  branch="false" />
		</lines>
		</class>
		<class name="match.js"  filename="src/match.js"  line-rate="1"  branch-rate="1" >
		<methods>
			<method name="(anonymous_1)"  hits="1"  signature="()V" >
				<lines><line number="1"  hits="1" /></lines>
			</method>
			<method name="(anonymous_2)"  hits="17"  signature="()V" >
				<lines><line number="4"  hits="17" /></lines>
			</method>
			<method name="(anonymous_3)"  hits="14"  signature="()V" >
				<lines><line number="10"  hits="14" /></lines>
			</method>
			<method name="(anonymous_4)"  hits="2"  signature="()V" >
				<lines><line number="15"  hits="2" /></lines>
			</method>
			<method name="(anonymous_5)"  hits="7"  signature="()V" >
				<lines><line number="19"  hits="7" /></lines>
			</method>
		</methods>
		<lines>
			<line number="1"  hits="1"  branch="false" />
			<line number="3"  hits="1"  branch="false" />
			<line number="5"  hits="17"  branch="false" />
			<line number="8"  hits="17"  branch="true"  condition-coverage="100% (2/2)" />
			<line number="9"  hits="16"  branch="true"  condition-coverage="100% (4/4)" />
			<line number="10"  hits="13"  branch="false" />
			<line number="11"  hits="14"  branch="false" />
			<line number="15"  hits="3"  branch="false" />
			<line number="16"  hits="2"  branch="false" />
			<line number="19"  hits="3"  branch="false" />
			<line number="20"  hits="7"  branch="false" />
			<line number="25"  hits="17"  branch="false" />
		</lines>
		</class>
		<class name="pilot.js"  filename="src/pilot.js"  line-rate="0.9129999999999999"  branch-rate="0.8" >
		<methods>
			<method name="(anonymous_1)"  hits="1"  signature="()V" >
				<lines><line number="9"  hits="1" /></lines>
			</method>
			<method name="_normalizeRouteUrl"  hits="7"  signature="()V" >
				<lines><line number="23"  hits="7" /></lines>
			</method>
			<method name="(anonymous_3)"  hits="1"  signature="()V" >
				<lines><line number="52"  hits="1" /></lines>
			</method>
			<method name="(anonymous_4)"  hits="6"  signature="()V" >
				<lines><line number="56"  hits="6" /></lines>
			</method>
			<method name="_prepareRoute"  hits="8"  signature="()V" >
				<lines><line number="61"  hits="8" /></lines>
			</method>
			<method name="(anonymous_6)"  hits="53"  signature="()V" >
				<lines><line number="64"  hits="53" /></lines>
			</method>
			<method name="(anonymous_7)"  hits="7"  signature="()V" >
				<lines><line number="108"  hits="7" /></lines>
			</method>
			<method name="(anonymous_8)"  hits="9"  signature="()V" >
				<lines><line number="126"  hits="9" /></lines>
			</method>
			<method name="(anonymous_9)"  hits="3"  signature="()V" >
				<lines><line number="137"  hits="3" /></lines>
			</method>
			<method name="(anonymous_10)"  hits="7"  signature="()V" >
				<lines><line number="147"  hits="7" /></lines>
			</method>
			<method name="(anonymous_11)"  hits="49"  signature="()V" >
				<lines><line number="161"  hits="49" /></lines>
			</method>
			<method name="(anonymous_12)"  hits="7"  signature="()V" >
				<lines><line number="174"  hits="7" /></lines>
			</method>
			<method name="(anonymous_13)"  hits="1"  signature="()V" >
				<lines><line number="180"  hits="1" /></lines>
			</method>
			<method name="(anonymous_14)"  hits="6"  signature="()V" >
				<lines><line number="201"  hits="6" /></lines>
			</method>
			<method name="(anonymous_15)"  hits="6"  signature="()V" >
				<lines><line number="203"  hits="6" /></lines>
			</method>
			<method name="(anonymous_16)"  hits="42"  signature="()V" >
				<lines><line number="213"  hits="42" /></lines>
			</method>
			<method name="(anonymous_17)"  hits="0"  signature="()V" >
				<lines><line number="224"  hits="0" /></lines>
			</method>
			<method name="(anonymous_18)"  hits="1"  signature="()V" >
				<lines><line number="249"  hits="1" /></lines>
			</method>
		</methods>
		<lines>
			<line number="1"  hits="1"  branch="false" />
			<line number="20"  hits="1"  branch="false" />
			<line number="23"  hits="1"  branch="false" />
			<line number="24"  hits="7"  branch="true"  condition-coverage="100% (2/2)" />
			<line number="26"  hits="7"  branch="true"  condition-coverage="50% (1/2)" />
			<line number="27"  hits="0"  branch="false" />
			<line number="30"  hits="7"  branch="true"  condition-coverage="100% (2/2)" />
			<line number="31"  hits="6"  branch="false" />
			<line number="34"  hits="7"  branch="true"  condition-coverage="100% (2/2)" />
			<line number="35"  hits="2"  branch="false" />
			<line number="38"  hits="7"  branch="false" />
			<line number="39"  hits="7"  branch="true"  condition-coverage="100% (3/3)" />
			<line number="40"  hits="7"  branch="true"  condition-coverage="100% (3/3)" />
			<line number="41"  hits="7"  branch="true"  condition-coverage="100% (2/2)" />
			<line number="43"  hits="7"  branch="false" />
			<line number="52"  hits="1"  branch="false" />
			<line number="53"  hits="1"  branch="false" />
			<line number="55"  hits="1"  branch="true"  condition-coverage="100% (2/2)" />
			<line number="56"  hits="1"  branch="true"  condition-coverage="100% (2/2)" />
			<line number="57"  hits="6"  branch="false" />
			<line number="61"  hits="1"  branch="false" />
			<line number="62"  hits="8"  branch="false" />
			<line number="64"  hits="8"  branch="false" />
			<line number="65"  hits="53"  branch="false" />
			<line number="67"  hits="53"  branch="true"  condition-coverage="100% (2/2)" />
			<line number="69"  hits="7"  branch="false" />
			<line number="70"  hits="7"  branch="false" />
			<line number="72"  hits="7"  branch="false" />
			<line number="73"  hits="7"  branch="false" />
			<line number="75"  hits="7"  branch="false" />
			<line number="76"  hits="7"  branch="false" />
			<line number="77"  hits="7"  branch="true"  condition-coverage="100% (2/2)" />
			<line number="79"  hits="7"  branch="false" />
			<line number="80"  hits="7"  branch="false" />
			<line number="86"  hits="1"  branch="false" />
			<line number="87"  hits="1"  branch="false" />
			<line number="94"  hits="1"  branch="false" />
			<line number="101"  hits="1"  branch="false" />
			<line number="108"  hits="1"  branch="false" />
			<line number="109"  hits="7"  branch="false" />
			<line number="111"  hits="7"  branch="false" />
			<line number="113"  hits="7"  branch="false" />
			<line number="118"  hits="1"  branch="false" />
			<line number="127"  hits="9"  branch="false" />
			<line number="138"  hits="3"  branch="false" />
			<line number="148"  hits="7"  branch="false" />
			<line number="156"  hits="7"  branch="true"  condition-coverage="50% (1/2)" />
			<line number="158"  hits="7"  branch="false" />
			<line number="161"  hits="7"  branch="false" />
			<line number="162"  hits="49"  branch="true"  condition-coverage="100% (2/2)" />
			<line number="166"  hits="7"  branch="false" />
			<line number="167"  hits="7"  branch="false" />
			<line number="168"  hits="7"  branch="false" />
			<line number="170"  hits="7"  branch="false" />
			<line number="173"  hits="7"  branch="true"  condition-coverage="50% (1/2)" />
			<line number="174"  hits="7"  branch="false" />
			<line number="176"  hits="7"  branch="false" />
			<line number="177"  hits="7"  branch="false" />
			<line number="180"  hits="7"  branch="false" />
			<line number="181"  hits="1"  branch="true"  condition-coverage="50% (1/2)" />
			<line number="183"  hits="0"  branch="false" />
			<line number="184"  hits="0"  branch="false" />
			<line number="187"  hits="1"  branch="false" />
			<line number="188"  hits="1"  branch="false" />
			<line number="193"  hits="7"  branch="true"  condition-coverage="100% (2/2)" />
			<line number="195"  hits="1"  branch="false" />
			<line number="198"  hits="6"  branch="false" />
			<line number="201"  hits="6"  branch="false" />
			<line number="203"  hits="6"  branch="false" />
			<line number="204"  hits="6"  branch="true"  condition-coverage="50% (1/2)" />
			<line number="205"  hits="6"  branch="false" />
			<line number="206"  hits="6"  branch="false" />
			<line number="208"  hits="6"  branch="false" />
			<line number="209"  hits="6"  branch="false" />
			<line number="210"  hits="6"  branch="false" />
			<line number="213"  hits="6"  branch="false" />
			<line number="214"  hits="42"  branch="false" />
			<line number="217"  hits="6"  branch="false" />
			<line number="218"  hits="6"  branch="false" />
			<line number="220"  hits="6"  branch="false" />
			<line number="221"  hits="6"  branch="false" />
			<line number="225"  hits="0"  branch="false" />
			<line number="229"  hits="0"  branch="true"  condition-coverage="0% (0/2)" />
			<line number="230"  hits="0"  branch="false" />
			<line number="231"  hits="0"  branch="false" />
			<line number="233"  hits="0"  branch="false" />
			<line number="239"  hits="7"  branch="true"  condition-coverage="50% (1/2)" />
			<line number="249"  hits="1"  branch="false" />
			<line number="250"  hits="1"  branch="false" />
			<line number="254"  hits="1"  branch="false" />
			<line number="256"  hits="1"  branch="false" />
			<line number="257"  hits="1"  branch="false" />
		</lines>
		</class>
		<class name="querystring.js"  filename="src/querystring.js"  line-rate="0.925"  branch-rate="0.8286" >
		<methods>
			<method name="(anonymous_1)"  hits="1"  signature="()V" >
				<lines><line number="1"  hits="1" /></lines>
			</method>
			<method name="_stringifyParam"  hits="24"  signature="()V" >
				<lines><line number="8"  hits="24" /></lines>
			</method>
			<method name="(anonymous_3)"  hits="273"  signature="()V" >
				<lines><line number="39"  hits="273" /></lines>
			</method>
			<method name="(anonymous_4)"  hits="12"  signature="()V" >
				<lines><line number="96"  hits="12" /></lines>
			</method>
		</methods>
		<lines>
			<line number="1"  hits="1"  branch="false" />
			<line number="4"  hits="1"  branch="false" />
			<line number="5"  hits="1"  branch="false" />
			<line number="8"  hits="1"  branch="false" />
			<line number="10"  hits="24"  branch="true"  condition-coverage="100% (5/5)" />
			<line number="11"  hits="17"  branch="false" />
			<line number="16"  hits="7"  branch="false" />
			<line number="18"  hits="7"  branch="false" />
			<line number="19"  hits="9"  branch="true"  condition-coverage="50% (1/2)" />
			<line number="20"  hits="9"  branch="true"  condition-coverage="100% (4/4)" />
			<line number="24"  hits="7"  branch="false" />
			<line number="33"  hits="1"  branch="false" />
			<line number="40"  hits="273"  branch="false" />
			<line number="42"  hits="273"  branch="true"  condition-coverage="50% (1/2)" />
			<line number="43"  hits="273"  branch="true"  condition-coverage="100% (2/2)" />
			<line number="44"  hits="18"  branch="false" />
			<line number="47"  hits="273"  branch="false" />
			<line number="54"  hits="273"  branch="false" />
			<line number="55"  hits="284"  branch="false" />
			<line number="56"  hits="284"  branch="false" />
			<line number="57"  hits="284"  branch="false" />
			<line number="59"  hits="284"  branch="true"  condition-coverage="50% (1/2)" />
			<line number="60"  hits="0"  branch="false" />
			<line number="63"  hits="284"  branch="false" />
			<line number="64"  hits="284"  branch="false" />
			<line number="67"  hits="0"  branch="false" />
			<line number="71"  hits="284"  branch="true"  condition-coverage="100% (2/2)" />
			<line number="74"  hits="35"  branch="true"  condition-coverage="100% (2/2)" />
			<line number="75"  hits="33"  branch="false" />
			<line number="77"  hits="2"  branch="true"  condition-coverage="50% (1/2)" />
			<line number="78"  hits="0"  branch="false" />
			<line number="81"  hits="2"  branch="false" />
			<line number="87"  hits="273"  branch="false" />
			<line number="97"  hits="12"  branch="false" />
			<line number="99"  hits="12"  branch="true"  condition-coverage="75% (3/4)" />
			<line number="100"  hits="12"  branch="false" />
			<line number="101"  hits="15"  branch="true"  condition-coverage="50% (1/2)" />
			<line number="102"  hits="15"  branch="false" />
			<line number="107"  hits="12"  branch="false" />
			<line number="113"  hits="1"  branch="false" />
		</lines>
		</class>
		<class name="request.js"  filename="src/request.js"  line-rate="0.9167000000000001"  branch-rate="0.6" >
		<methods>
			<method name="(anonymous_1)"  hits="1"  signature="()V" >
				<lines><line number="1"  hits="1" /></lines>
			</method>
			<method name="(anonymous_2)"  hits="50"  signature="()V" >
				<lines><line number="11"  hits="50" /></lines>
			</method>
			<method name="(anonymous_3)"  hits="42"  signature="()V" >
				<lines><line number="38"  hits="42" /></lines>
			</method>
			<method name="(anonymous_4)"  hits="0"  signature="()V" >
				<lines><line number="47"  hits="0" /></lines>
			</method>
			<method name="(anonymous_5)"  hits="0"  signature="()V" >
				<lines><line number="51"  hits="0" /></lines>
			</method>
		</methods>
		<lines>
			<line number="1"  hits="1"  branch="false" />
			<line number="11"  hits="1"  branch="false" />
			<line number="12"  hits="50"  branch="false" />
			<line number="14"  hits="50"  branch="false" />
			<line number="15"  hits="50"  branch="false" />
			<line number="16"  hits="50"  branch="false" />
			<line number="17"  hits="50"  branch="false" />
			<line number="18"  hits="50"  branch="false" />
			<line number="20"  hits="50"  branch="false" />
			<line number="23"  hits="50"  branch="false" />
			<line number="24"  hits="50"  branch="false" />
			<line number="25"  hits="50"  branch="false" />
			<line number="27"  hits="50"  branch="false" />
			<line number="29"  hits="50"  branch="true"  condition-coverage="100% (3/3)" />
			<line number="30"  hits="50"  branch="false" />
			<line number="31"  hits="50"  branch="false" />
			<line number="35"  hits="1"  branch="false" />
			<line number="39"  hits="42"  branch="false" />
			<line number="41"  hits="42"  branch="false" />
			<line number="42"  hits="42"  branch="false" />
			<line number="44"  hits="42"  branch="false" />
			<line number="48"  hits="0"  branch="true"  condition-coverage="0% (0/2)" />
			<line number="52"  hits="0"  branch="false" />
			<line number="58"  hits="1"  branch="false" />
		</lines>
		</class>
		<class name="route.js"  filename="src/route.js"  line-rate="0.9167000000000001"  branch-rate="0.8029999999999999" >
		<methods>
			<method name="(anonymous_1)"  hits="1"  signature="()V" >
				<lines><line number="6"  hits="1" /></lines>
			</method>
			<method name="(anonymous_2)"  hits="37"  signature="()V" >
				<lines><line number="23"  hits="37" /></lines>
			</method>
			<method name="(anonymous_3)"  hits="6"  signature="()V" >
				<lines><line number="24"  hits="6" /></lines>
			</method>
			<method name="(anonymous_4)"  hits="7"  signature="()V" >
				<lines><line number="49"  hits="7" /></lines>
			</method>
			<method name="parseGroupStatement"  hits="2"  signature="()V" >
				<lines><line number="58"  hits="2" /></lines>
			</method>
			<method name="(anonymous_6)"  hits="7"  signature="()V" >
				<lines><line number="107"  hits="7" /></lines>
			</method>
			<method name="(anonymous_7)"  hits="7"  signature="()V" >
				<lines><line number="162"  hits="7" /></lines>
			</method>
			<method name="(anonymous_8)"  hits="7"  signature="()V" >
				<lines><line number="174"  hits="7" /></lines>
			</method>
			<method name="(anonymous_9)"  hits="8"  signature="()V" >
				<lines><line number="181"  hits="8" /></lines>
			</method>
			<method name="(anonymous_10)"  hits="47"  signature="()V" >
				<lines><line number="186"  hits="47" /></lines>
			</method>
			<method name="(anonymous_11)"  hits="1"  signature="()V" >
				<lines><line number="191"  hits="1" /></lines>
			</method>
			<method name="(anonymous_12)"  hits="5"  signature="()V" >
				<lines><line number="197"  hits="5" /></lines>
			</method>
			<method name="(anonymous_13)"  hits="3"  signature="()V" >
				<lines><line number="204"  hits="3" /></lines>
			</method>
			<method name="(anonymous_14)"  hits="8"  signature="()V" >
				<lines><line number="220"  hits="8" /></lines>
			</method>
			<method name="(anonymous_15)"  hits="0"  signature="()V" >
				<lines><line number="221"  hits="0" /></lines>
			</method>
			<method name="(anonymous_16)"  hits="0"  signature="()V" >
				<lines><line number="222"  hits="0" /></lines>
			</method>
			<method name="(anonymous_17)"  hits="42"  signature="()V" >
				<lines><line number="240"  hits="42" /></lines>
			</method>
			<method name="(anonymous_18)"  hits="5"  signature="()V" >
				<lines><line number="264"  hits="5" /></lines>
			</method>
			<method name="(anonymous_19)"  hits="0"  signature="()V" >
				<lines><line number="287"  hits="0" /></lines>
			</method>
			<method name="(anonymous_20)"  hits="47"  signature="()V" >
				<lines><line number="305"  hits="47" /></lines>
			</method>
			<method name="(anonymous_21)"  hits="6"  signature="()V" >
				<lines><line number="323"  hits="6" /></lines>
			</method>
			<method name="(anonymous_22)"  hits="12"  signature="()V" >
				<lines><line number="332"  hits="12" /></lines>
			</method>
			<method name="(anonymous_23)"  hits="0"  signature="()V" >
				<lines><line number="340"  hits="0" /></lines>
			</method>
			<method name="(anonymous_24)"  hits="1"  signature="()V" >
				<lines><line number="356"  hits="1" /></lines>
			</method>
			<method name="(anonymous_25)"  hits="0"  signature="()V" >
				<lines><line number="371"  hits="0" /></lines>
			</method>
		</methods>
		<lines>
			<line number="1"  hits="1"  branch="false" />
			<line number="23"  hits="1"  branch="false" />
			<line number="24"  hits="37"  branch="false" />
			<line number="25"  hits="6"  branch="false" />
			<line number="28"  hits="6"  branch="true"  condition-coverage="100% (2/2)" />
			<line number="29"  hits="2"  branch="true"  condition-coverage="50% (1/2)" />
			<line number="30"  hits="0"  branch="false" />
			<line number="33"  hits="2"  branch="false" />
			<line number="36"  hits="4"  branch="true"  condition-coverage="50% (1/2)" />
			<line number="38"  hits="4"  branch="true"  condition-coverage="100% (2/2)" />
			<line number="49"  hits="1"  branch="false" />
			<line number="50"  hits="7"  branch="false" />
			<line number="56"  hits="7"  branch="false" />
			<line number="58"  hits="1"  branch="false" />
			<line number="59"  hits="2"  branch="false" />
			<line number="61"  hits="2"  branch="false" />
			<line number="62"  hits="11"  branch="true"  condition-coverage="100% (2/2)" />
			<line number="63"  hits="2"  branch="false" />
			<line number="64"  hits="2"  branch="false" />
			<line number="65"  hits="2"  branch="false" />
			<line number="67"  hits="9"  branch="true"  condition-coverage="100% (4/4)" />
			<line number="68"  hits="2"  branch="false" />
			<line number="69"  hits="2"  branch="true"  condition-coverage="100% (2/2)" />
			<line number="70"  hits="2"  branch="false" />
			<line number="73"  hits="7"  branch="false" />
			<line number="79"  hits="7"  branch="false" />
			<line number="80"  hits="29"  branch="true"  condition-coverage="100% (2/2)" />
			<line number="81"  hits="4"  branch="false" />
			<line number="82"  hits="4"  branch="false" />
			<line number="83"  hits="4"  branch="false" />
			<line number="85"  hits="25"  branch="true"  condition-coverage="100% (2/2)" />
			<line number="86"  hits="1"  branch="false" />
			<line number="87"  hits="1"  branch="false" />
			<line number="88"  hits="1"  branch="false" />
			<line number="90"  hits="24"  branch="false" />
			<line number="95"  hits="7"  branch="false" />
			<line number="107"  hits="1"  branch="false" />
			<line number="113"  hits="7"  branch="false" />
			<line number="120"  hits="7"  branch="false" />
			<line number="126"  hits="7"  branch="false" />
			<line number="129"  hits="7"  branch="false" />
			<line number="136"  hits="7"  branch="false" />
			<line number="143"  hits="7"  branch="false" />
			<line number="145"  hits="7"  branch="true"  condition-coverage="100% (2/2)" />
			<line number="146"  hits="7"  branch="false" />
			<line number="149"  hits="7"  branch="false" />
			<line number="151"  hits="7"  branch="false" />
			<line number="155"  hits="1"  branch="false" />
			<line number="163"  hits="7"  branch="false" />
			<line number="165"  hits="7"  branch="false" />
			<line number="166"  hits="7"  branch="false" />
			<line number="167"  hits="7"  branch="false" />
			<line number="182"  hits="8"  branch="false" />
			<line number="184"  hits="8"  branch="false" />
			<line number="186"  hits="8"  branch="false" />
			<line number="187"  hits="47"  branch="false" />
			<line number="190"  hits="47"  branch="true"  condition-coverage="100% (2/2)" />
			<line number="191"  hits="1"  branch="false" />
			<line number="192"  hits="1"  branch="false" />
			<line number="194"  hits="1"  branch="false" />
			<line number="195"  hits="1"  branch="false" />
			<line number="197"  hits="1"  branch="false" />
			<line number="198"  hits="5"  branch="false" />
			<line number="202"  hits="46"  branch="true"  condition-coverage="100% (2/2)" />
			<line number="203"  hits="3"  branch="true"  condition-coverage="50% (1/2)" />
			<line number="204"  hits="3"  branch="false" />
			<line number="206"  hits="3"  branch="false" />
			<line number="211"  hits="47"  branch="false" />
			<line number="221"  hits="8"  branch="true"  condition-coverage="50% (1/2)" />
			<line number="222"  hits="0"  branch="false" />
			<line number="223"  hits="0"  branch="true"  condition-coverage="0% (0/2)" />
			<line number="224"  hits="0"  branch="true"  condition-coverage="0% (0/2)" />
			<line number="228"  hits="0"  branch="true"  condition-coverage="0% (0/2)" />
			<line number="242"  hits="42"  branch="true"  condition-coverage="100% (5/5)" />
			<line number="243"  hits="17"  branch="false" />
			<line number="244"  hits="17"  branch="false" />
			<line number="245"  hits="17"  branch="false" />
			<line number="247"  hits="17"  branch="false" />
			<line number="249"  hits="17"  branch="true"  condition-coverage="100% (2/2)" />
			<line number="250"  hits="7"  branch="false" />
			<line number="253"  hits="7"  branch="true"  condition-coverage="100% (2/2)" />
			<line number="255"  hits="7"  branch="false" />
			<line number="258"  hits="10"  branch="false" />
			<line number="261"  hits="17"  branch="false" />
			<line number="264"  hits="17"  branch="false" />
			<line number="265"  hits="5"  branch="true"  condition-coverage="100% (4/4)" />
			<line number="266"  hits="1"  branch="true"  condition-coverage="50% (1/2)" />
			<line number="267"  hits="1"  branch="false" />
			<line number="269"  hits="1"  branch="true"  condition-coverage="100% (2/2)" />
			<line number="271"  hits="1"  branch="false" />
			<line number="274"  hits="1"  branch="false" />
			<line number="276"  hits="4"  branch="true"  condition-coverage="100% (2/2)" />
			<line number="277"  hits="1"  branch="false" />
			<line number="278"  hits="1"  branch="false" />
			<line number="282"  hits="25"  branch="true"  condition-coverage="100% (2/2)" />
			<line number="283"  hits="4"  branch="false" />
			<line number="284"  hits="4"  branch="false" />
			<line number="287"  hits="4"  branch="false" />
			<line number="288"  hits="0"  branch="true"  condition-coverage="0% (0/2)" />
			<line number="289"  hits="0"  branch="false" />
			<line number="290"  hits="0"  branch="false" />
			<line number="294"  hits="4"  branch="false" />
			<line number="306"  hits="47"  branch="false" />
			<line number="311"  hits="47"  branch="false" />
			<line number="324"  hits="6"  branch="false" />
			<line number="333"  hits="12"  branch="true"  condition-coverage="100% (2/2)" />
			<line number="341"  hits="0"  branch="false" />
			<line number="346"  hits="1"  branch="false" />
			<line number="356"  hits="1"  branch="false" />
			<line number="357"  hits="1"  branch="false" />
			<line number="358"  hits="1"  branch="false" />
			<line number="359"  hits="1"  branch="false" />
			<line number="361"  hits="1"  branch="false" />
			<line number="362"  hits="1"  branch="false" />
			<line number="364"  hits="1"  branch="false" />
			<line number="369"  hits="1"  branch="false" />
			<line number="370"  hits="1"  branch="false" />
			<line number="371"  hits="1"  branch="false" />
			<line number="372"  hits="0"  branch="false" />
			<line number="377"  hits="1"  branch="false" />
		</lines>
		</class>
		<class name="status.js"  filename="src/status.js"  line-rate="0.5385"  branch-rate="0" >
		<methods>
			<method name="(anonymous_1)"  hits="1"  signature="()V" >
				<lines><line number="1"  hits="1" /></lines>
			</method>
			<method name="(anonymous_2)"  hits="1"  signature="()V" >
				<lines><line number="8"  hits="1" /></lines>
			</method>
			<method name="(anonymous_3)"  hits="0"  signature="()V" >
				<lines><line number="17"  hits="0" /></lines>
			</method>
			<method name="(anonymous_4)"  hits="0"  signature="()V" >
				<lines><line number="29"  hits="0" /></lines>
			</method>
		</methods>
		<lines>
			<line number="1"  hits="1"  branch="false" />
			<line number="8"  hits="1"  branch="false" />
			<line number="9"  hits="1"  branch="false" />
			<line number="10"  hits="1"  branch="false" />
			<line number="14"  hits="1"  branch="false" />
			<line number="18"  hits="0"  branch="false" />
			<line number="29"  hits="1"  branch="false" />
			<line number="30"  hits="0"  branch="true"  condition-coverage="0% (0/2)" />
			<line number="31"  hits="0"  branch="false" />
			<line number="33"  hits="0"  branch="true"  condition-coverage="0% (0/4)" />
			<line number="34"  hits="0"  branch="false" />
			<line number="37"  hits="0"  branch="false" />
			<line number="42"  hits="1"  branch="false" />
		</lines>
		</class>
		<class name="url.js"  filename="src/url.js"  line-rate="0.99"  branch-rate="0.9431999999999999" >
		<methods>
			<method name="(anonymous_1)"  hits="1"  signature="()V" >
				<lines><line number="6"  hits="1" /></lines>
			</method>
			<method name="Url"  hits="210"  signature="()V" >
				<lines><line number="44"  hits="210" /></lines>
			</method>
			<method name="(anonymous_3)"  hits="6"  signature="()V" >
				<lines><line number="120"  hits="6" /></lines>
			</method>
			<method name="(anonymous_4)"  hits="3"  signature="()V" >
				<lines><line number="148"  hits="3" /></lines>
			</method>
			<method name="(anonymous_5)"  hits="2"  signature="()V" >
				<lines><line number="163"  hits="2" /></lines>
			</method>
			<method name="(anonymous_6)"  hits="2"  signature="()V" >
				<lines><line number="173"  hits="2" /></lines>
			</method>
			<method name="(anonymous_7)"  hits="216"  signature="()V" >
				<lines><line number="179"  hits="216" /></lines>
			</method>
			<method name="(anonymous_8)"  hits="17"  signature="()V" >
				<lines><line number="199"  hits="17" /></lines>
			</method>
			<method name="(anonymous_9)"  hits="67"  signature="()V" >
				<lines><line number="211"  hits="67" /></lines>
			</method>
			<method name="(anonymous_10)"  hits="79"  signature="()V" >
				<lines><line number="239"  hits="79" /></lines>
			</method>
			<method name="(anonymous_11)"  hits="52"  signature="()V" >
				<lines><line number="256"  hits="52" /></lines>
			</method>
			<method name="(anonymous_12)"  hits="67"  signature="()V" >
				<lines><line number="289"  hits="67" /></lines>
			</method>
		</methods>
		<lines>
			<line number="6"  hits="1"  branch="false" />
			<line number="9"  hits="1"  branch="false" />
			<line number="10"  hits="1"  branch="false" />
			<line number="11"  hits="1"  branch="false" />
			<line number="19"  hits="1"  branch="false" />
			<line number="27"  hits="1"  branch="false" />
			<line number="35"  hits="1"  branch="false" />
			<line number="44"  hits="1"  branch="false" />
			<line number="45"  hits="210"  branch="true"  condition-coverage="100% (2/2)" />
			<line number="46"  hits="173"  branch="false" />
			<line number="47"  hits="37"  branch="true"  condition-coverage="100% (2/2)" />
			<line number="48"  hits="4"  branch="false" />
			<line number="53"  hits="210"  branch="true"  condition-coverage="100% (2/2)" />
			<line number="54"  hits="1"  branch="false" />
			<line number="56"  hits="209"  branch="true"  condition-coverage="100% (2/2)" />
			<line number="57"  hits="81"  branch="false" />
			<line number="61"  hits="81"  branch="true"  condition-coverage="100% (2/2)" />
			<line number="62"  hits="3"  branch="false" />
			<line number="64"  hits="78"  branch="true"  condition-coverage="100% (2/2)" />
			<line number="66"  hits="2"  branch="false" />
			<line number="68"  hits="76"  branch="true"  condition-coverage="100% (2/2)" />
			<line number="70"  hits="74"  branch="false" />
			<line number="74"  hits="2"  branch="false" />
			<line number="79"  hits="210"  branch="false" />
			<line number="81"  hits="210"  branch="true"  condition-coverage="50% (1/2)" />
			<line number="82"  hits="210"  branch="true"  condition-coverage="100% (2/2)" />
			<line number="84"  hits="210"  branch="true"  condition-coverage="100% (2/2)" />
			<line number="85"  hits="210"  branch="true"  condition-coverage="100% (2/2)" />
			<line number="87"  hits="210"  branch="true"  condition-coverage="100% (2/2)" />
			<line number="88"  hits="210"  branch="true"  condition-coverage="100% (2/2)" />
			<line number="90"  hits="210"  branch="true"  condition-coverage="100% (2/2)" />
			<line number="91"  hits="210"  branch="true"  condition-coverage="100% (2/2)" />
			<line number="92"  hits="210"  branch="true"  condition-coverage="100% (2/2)" />
			<line number="93"  hits="210"  branch="false" />
			<line number="95"  hits="210"  branch="false" />
			<line number="98"  hits="210"  branch="true"  condition-coverage="100% (2/2)" />
			<line number="99"  hits="210"  branch="true"  condition-coverage="100% (2/2)" />
			<line number="101"  hits="210"  branch="true"  condition-coverage="100% (2/2)" />
			<line number="102"  hits="210"  branch="false" />
			<line number="103"  hits="210"  branch="false" />
			<line number="105"  hits="210"  branch="true"  condition-coverage="100% (2/2)" />
			<line number="107"  hits="210"  branch="false" />
			<line number="111"  hits="1"  branch="false" />
			<line number="121"  hits="6"  branch="false" />
			<line number="123"  hits="6"  branch="true"  condition-coverage="100% (2/2)" />
			<line number="124"  hits="1"  branch="false" />
			<line number="127"  hits="6"  branch="true"  condition-coverage="100% (2/2)" />
			<line number="128"  hits="1"  branch="false" />
			<line number="131"  hits="5"  branch="true"  condition-coverage="100% (2/2)" />
			<line number="132"  hits="3"  branch="false" />
			<line number="133"  hits="5"  branch="true"  condition-coverage="50% (1/2)" />
			<line number="134"  hits="5"  branch="true"  condition-coverage="100% (2/2)" />
			<line number="135"  hits="1"  branch="false" />
			<line number="137"  hits="4"  branch="false" />
			<line number="143"  hits="5"  branch="true"  condition-coverage="100% (2/2)" />
			<line number="144"  hits="2"  branch="true"  condition-coverage="100% (2/2)" />
			<line number="145"  hits="1"  branch="false" />
			<line number="148"  hits="2"  branch="false" />
			<line number="149"  hits="3"  branch="false" />
			<line number="154"  hits="6"  branch="false" />
			<line number="164"  hits="2"  branch="false" />
			<line number="174"  hits="2"  branch="false" />
			<line number="180"  hits="216"  branch="false" />
			<line number="182"  hits="216"  branch="false" />
			<line number="183"  hits="31"  branch="false" />
			<line number="184"  hits="31"  branch="true"  condition-coverage="100% (2/2)" />
			<line number="187"  hits="216"  branch="true"  condition-coverage="100% (2/2)" />
			<line number="189"  hits="216"  branch="false" />
			<line number="195"  hits="216"  branch="false" />
			<line number="200"  hits="17"  branch="false" />
			<line number="211"  hits="1"  branch="false" />
			<line number="212"  hits="67"  branch="false" />
			<line number="222"  hits="1"  branch="false" />
			<line number="231"  hits="1"  branch="false" />
			<line number="239"  hits="1"  branch="false" />
			<line number="241"  hits="79"  branch="true"  condition-coverage="100% (2/2)" />
			<line number="242"  hits="47"  branch="false" />
			<line number="245"  hits="32"  branch="true"  condition-coverage="50% (1/2)" />
			<line number="246"  hits="0"  branch="false" />
			<line number="249"  hits="32"  branch="false" />
			<line number="251"  hits="32"  branch="false" />
			<line number="257"  hits="52"  branch="false" />
			<line number="262"  hits="52"  branch="true"  condition-coverage="100% (2/2)" />
			<line number="264"  hits="52"  branch="false" />
			<line number="276"  hits="32"  branch="false" />
			<line number="277"  hits="32"  branch="false" />
			<line number="279"  hits="32"  branch="false" />
			<line number="289"  hits="1"  branch="false" />
			<line number="290"  hits="67"  branch="false" />
			<line number="295"  hits="67"  branch="false" />
			<line number="296"  hits="67"  branch="false" />
			<line number="297"  hits="67"  branch="false" />
			<line number="299"  hits="67"  branch="true"  condition-coverage="100% (2/2)" />
			<line number="300"  hits="33"  branch="false" />
			<line number="301"  hits="52"  branch="false" />
			<line number="303"  hits="52"  branch="true"  condition-coverage="100% (2/2)" />
			<line number="304"  hits="36"  branch="false" />
			<line number="308"  hits="33"  branch="false" />
			<line number="311"  hits="34"  branch="false" />
			<line number="316"  hits="1"  branch="false" />
		</lines>
		</class>
	</classes>
	</package>
</packages>
</coverage>
